INFO: 2026/05/13 15:48:28 ==========================================
INFO: 2026/05/13 15:48:28 Go岗位监控系统 v2.0 - 低耦合架构版
INFO: 2026/05/13 15:48:28 ==========================================
INFO: 2026/05/13 15:48:28 ✓ 抓取器初始化完成（51job数据源）
INFO: 2026/05/13 15:48:28 代理池未启用，使用直连模式
INFO: 2026/05/13 15:48:28 ✓ 解析器初始化完成
INFO: 2026/05/13 15:48:28 ✓ 存储器初始化完成
INFO: 2026/05/13 15:48:28 ✓ 通知器初始化完成
INFO: 2026/05/13 15:48:28 ✓ 加载城市配置: 4个城市
INFO: 2026/05/13 15:48:28 ==========================================
INFO: 2026/05/13 15:48:28 抓取间隔: 30s
INFO: 2026/05/13 15:48:28 按 Ctrl+C 停止监控
INFO: 2026/05/13 15:48:28 ==========================================
INFO: 2026/05/13 15:48:28 Starting job monitor...
INFO: 2026/05/13 15:48:28 Monitoring cities: 4
INFO: 2026/05/13 15:48:28  - 北京 (010000)
INFO: 2026/05/13 15:48:28  - 上海 (020000)
INFO: 2026/05/13 15:48:28  - 广州 (030000)
INFO: 2026/05/13 15:48:28  - 深圳 (040000)
INFO: 2026/05/13 15:48:28 Checking for new jobs at 2026-05-13 15:48:28...
INFO: 2026/05/13 15:48:28 No new jobs found.
INFO: 2026/05/13 15:51:44 ==========================================
INFO: 2026/05/13 15:51:44 Go岗位监控系统 v2.0 - 低耦合架构版
INFO: 2026/05/13 15:51:44 ==========================================
INFO: 2026/05/13 15:57:31 ✓ 抓取器初始化完成（51job数据源）
INFO: 2026/05/13 15:58:15 代理池未启用，使用直连模式
INFO: 2026/05/13 15:58:15 ✓ 解析器初始化完成
INFO: 2026/05/13 15:59:36 ✓ 存储器初始化完成
INFO: 2026/05/13 16:00:18 ✓ 通知器初始化完成
INFO: 2026/05/13 16:00:18 ✓ 加载城市配置: 4个城市
INFO: 2026/05/13 16:00:18 ==========================================
INFO: 2026/05/13 16:00:18 抓取间隔: 30s
INFO: 2026/05/13 16:00:18 按 Ctrl+C 停止监控
INFO: 2026/05/13 16:00:18 ==========================================
INFO: 2026/05/13 16:00:57 Starting job monitor...
INFO: 2026/05/13 16:00:57 Monitoring cities: 4
INFO: 2026/05/13 16:00:57  - 北京 (010000)
INFO: 2026/05/13 16:00:57  - 上海 (020000)
INFO: 2026/05/13 16:00:57  - 广州 (030000)
INFO: 2026/05/13 16:00:57  - 深圳 (040000)
INFO: 2026/05/13 16:01:27 Checking for new jobs at 2026-05-13 16:01:27...
ERROR: 2026/05/13 16:06:25 Failed to fetch data for 北京 (page 1): 直连请求失败: Get "https://search.51job.com/list/010000,000000,0000,00,9,99,Go,2,1.html": context deadline exceeded (Client.Timeout exceeded while awaiting headers)
INFO: 2026/05/13 16:06:25 No new jobs found.
INFO: 2026/05/13 16:07:08 Checking for new jobs at 2026-05-13 16:07:08...
INFO: 2026/05/13 16:09:04 ==========================================
INFO: 2026/05/13 16:09:04 Go岗位监控系统 v2.0 - 低耦合架构版
INFO: 2026/05/13 16:09:04 ==========================================
INFO: 2026/05/13 16:09:04 ✓ 抓取器初始化完成（51job数据源）
INFO: 2026/05/13 16:09:04 代理池未启用，使用直连模式
INFO: 2026/05/13 16:09:04 ✓ 解析器初始化完成
INFO: 2026/05/13 16:09:04 ✓ 存储器初始化完成
INFO: 2026/05/13 16:09:04 ✓ 通知器初始化完成
INFO: 2026/05/13 16:09:04 ✓ 加载城市配置: 4个城市
INFO: 2026/05/13 16:09:04 ==========================================
INFO: 2026/05/13 16:09:04 抓取间隔: 30s
INFO: 2026/05/13 16:09:04 按 Ctrl+C 停止监控
INFO: 2026/05/13 16:09:04 ==========================================
INFO: 2026/05/13 16:09:04 Starting job monitor...
INFO: 2026/05/13 16:09:04 Monitoring cities: 4
INFO: 2026/05/13 16:09:04  - 北京 (010000)
INFO: 2026/05/13 16:09:04  - 上海 (020000)
INFO: 2026/05/13 16:09:04  - 广州 (030000)
INFO: 2026/05/13 16:09:04  - 深圳 (040000)
INFO: 2026/05/13 16:09:04 Checking for new jobs at 2026-05-13 16:09:04...
INFO: 2026/05/13 16:09:04 No new jobs found.
INFO: 2026/05/13 16:09:34 Checking for new jobs at 2026-05-13 16:09:34...
INFO: 2026/05/13 16:09:34 No new jobs found.
INFO: 2026/05/13 16:10:42 ==========================================
INFO: 2026/05/13 16:10:42 Go岗位监控系统 v2.0 - 低耦合架构版
INFO: 2026/05/13 16:10:42 ==========================================
INFO: 2026/05/13 16:10:42 ✓ 抓取器初始化完成（51job数据源）
INFO: 2026/05/13 16:10:42 正在初始化代理池...
INFO: 2026/05/13 16:10:52 [WARN] 代理池初始化失败: 没有获取到任何代理，将使用直连模式
INFO: 2026/05/13 16:10:52 ✓ 解析器初始化完成
INFO: 2026/05/13 16:10:52 ✓ 存储器初始化完成
INFO: 2026/05/13 16:10:52 ✓ 通知器初始化完成
INFO: 2026/05/13 16:10:52 ✓ 加载城市配置: 4个城市
INFO: 2026/05/13 16:10:52 ==========================================
INFO: 2026/05/13 16:10:52 抓取间隔: 30s
INFO: 2026/05/13 16:10:52 按 Ctrl+C 停止监控
INFO: 2026/05/13 16:10:52 ==========================================
INFO: 2026/05/13 16:10:52 Starting job monitor...
INFO: 2026/05/13 16:10:52 Monitoring cities: 4
INFO: 2026/05/13 16:10:52  - 北京 (010000)
INFO: 2026/05/13 16:10:52  - 上海 (020000)
INFO: 2026/05/13 16:10:52  - 广州 (030000)
INFO: 2026/05/13 16:10:52  - 深圳 (040000)
INFO: 2026/05/13 16:10:52 Checking for new jobs at 2026-05-13 16:10:52...
INFO: 2026/05/13 16:10:52 No new jobs found.
