2026-05-14T17:20:58.189+0800	INFO	runtime/proc.go:290	==========================================
2026-05-14T17:20:58.205+0800	INFO	runtime/proc.go:290	Go岗位监控系统 v2.0 - zap日志版
2026-05-14T17:20:58.205+0800	INFO	runtime/proc.go:290	==========================================
2026-05-14T17:20:58.205+0800	INFO	runtime/proc.go:290	抓取器初始化完成
2026-05-14T17:20:58.205+0800	INFO	runtime/proc.go:290	使用直连模式
2026-05-14T17:20:58.205+0800	INFO	runtime/proc.go:290	解析器初始化完成
2026-05-14T17:20:58.205+0800	INFO	runtime/proc.go:290	存储器初始化完成
2026-05-14T17:20:58.205+0800	INFO	runtime/proc.go:290	通知器初始化完成
2026-05-14T17:20:58.205+0800	INFO	runtime/proc.go:290	==========================================
2026-05-14T17:20:58.207+0800	INFO	runtime/proc.go:290	抓取间隔	{"interval": 30}
2026-05-14T17:20:58.207+0800	INFO	runtime/proc.go:290	按 Ctrl+C 停止监控
2026-05-14T17:20:58.207+0800	INFO	runtime/proc.go:290	代理模式	{"mode": "direct"}
2026-05-14T17:20:58.207+0800	INFO	runtime/proc.go:290	==========================================
2026-05-14T17:20:58.207+0800	INFO	go-catch/main.go:156	Starting job monitor...
2026-05-14T17:20:58.208+0800	INFO	go-catch/main.go:156	Monitoring cities	{"count": 4}
2026-05-14T17:20:58.208+0800	INFO	go-catch/main.go:156	City configured	{"name": "北京", "code": "010000"}
2026-05-14T17:20:58.208+0800	INFO	go-catch/main.go:156	City configured	{"name": "上海", "code": "020000"}
2026-05-14T17:20:58.208+0800	INFO	go-catch/main.go:156	City configured	{"name": "广州", "code": "030000"}
2026-05-14T17:20:58.208+0800	INFO	go-catch/main.go:156	City configured	{"name": "深圳", "code": "040000"}
2026-05-14T17:20:58.208+0800	INFO	core/monitor.go:88	Checking for new jobs	{"time": "2026-05-14 17:20:58"}
2026-05-14T17:20:58.684+0800	INFO	core/monitor.go:88	No new jobs found	{"total_jobs": 0}
2026-05-14T17:21:28.209+0800	INFO	core/monitor.go:93	Checking for new jobs	{"time": "2026-05-14 17:21:28"}
2026-05-14T17:21:28.406+0800	INFO	core/monitor.go:93	No new jobs found	{"total_jobs": 0}
2026-05-14T17:21:32.668+0800	INFO	runtime/asm_amd64.s:1771	收到中断信号，正在优雅关闭...
2026-05-14T17:21:32.668+0800	INFO	go-catch/main.go:156	收到取消信号，监控器正在关闭...
2026-05-14T17:21:32.669+0800	INFO	go-catch/main.go:156	监控器已关闭
2026-05-14T17:21:32.669+0800	INFO	runtime/proc.go:290	程序已退出
2026-05-14T19:51:40.744+0800	INFO	runtime/proc.go:290	==========================================
2026-05-14T19:51:40.760+0800	INFO	runtime/proc.go:290	Go岗位监控系统 v2.0 - zap日志版
2026-05-14T19:51:40.760+0800	INFO	runtime/proc.go:290	==========================================
2026-05-14T19:51:40.760+0800	INFO	runtime/proc.go:290	抓取器初始化完成
2026-05-14T19:51:40.760+0800	INFO	runtime/proc.go:290	使用直连模式
2026-05-14T19:51:40.761+0800	INFO	runtime/proc.go:290	解析器初始化完成
2026-05-14T19:51:40.761+0800	INFO	runtime/proc.go:290	存储器初始化完成
2026-05-14T19:51:40.761+0800	INFO	runtime/proc.go:290	通知器初始化完成
2026-05-14T19:51:40.761+0800	INFO	runtime/proc.go:290	==========================================
2026-05-14T19:51:40.761+0800	INFO	runtime/proc.go:290	抓取间隔	{"interval": 30}
2026-05-14T19:51:40.762+0800	INFO	runtime/proc.go:290	按 Ctrl+C 停止监控
2026-05-14T19:51:40.762+0800	INFO	runtime/proc.go:290	代理模式	{"mode": "direct"}
2026-05-14T19:51:40.762+0800	INFO	runtime/proc.go:290	==========================================
2026-05-14T19:51:40.762+0800	INFO	go-catch/main.go:156	Starting job monitor...
2026-05-14T19:51:40.762+0800	INFO	go-catch/main.go:156	Monitoring cities	{"count": 4}
2026-05-14T19:51:40.762+0800	INFO	go-catch/main.go:156	City configured	{"name": "北京", "code": "010000"}
2026-05-14T19:51:40.762+0800	INFO	go-catch/main.go:156	City configured	{"name": "上海", "code": "020000"}
2026-05-14T19:51:40.762+0800	INFO	go-catch/main.go:156	City configured	{"name": "广州", "code": "030000"}
2026-05-14T19:51:40.762+0800	INFO	go-catch/main.go:156	City configured	{"name": "深圳", "code": "040000"}
2026-05-14T19:51:40.762+0800	INFO	core/monitor.go:88	Checking for new jobs	{"time": "2026-05-14 19:51:40"}
2026-05-14T19:51:41.202+0800	INFO	core/monitor.go:88	No new jobs found	{"total_jobs": 0}
2026-05-14T19:51:45.970+0800	INFO	runtime/asm_amd64.s:1771	收到中断信号，正在优雅关闭...
2026-05-14T19:51:45.970+0800	INFO	go-catch/main.go:156	收到取消信号，监控器正在关闭...
2026-05-14T19:51:45.970+0800	INFO	go-catch/main.go:156	监控器已关闭
2026-05-14T19:51:45.971+0800	INFO	runtime/proc.go:290	程序已退出
2026-05-15T15:02:34.213+0800	INFO	runtime/proc.go:290	==========================================
2026-05-15T15:02:34.226+0800	INFO	runtime/proc.go:290	Go岗位监控系统 v2.0 - zap日志版
2026-05-15T15:02:34.226+0800	INFO	runtime/proc.go:290	==========================================
2026-05-15T15:02:34.226+0800	INFO	runtime/proc.go:290	使用 Mock 数据源（模拟数据）
2026-05-15T15:02:34.226+0800	INFO	runtime/proc.go:290	抓取器初始化完成
2026-05-15T15:02:34.226+0800	INFO	runtime/proc.go:290	解析器初始化完成
2026-05-15T15:02:34.226+0800	INFO	runtime/proc.go:290	存储器初始化完成
2026-05-15T15:02:34.226+0800	INFO	runtime/proc.go:290	通知器初始化完成
2026-05-15T15:02:34.226+0800	INFO	runtime/proc.go:290	==========================================
2026-05-15T15:02:34.227+0800	INFO	runtime/proc.go:290	抓取间隔	{"interval": 30}
2026-05-15T15:02:34.227+0800	INFO	runtime/proc.go:290	按 Ctrl+C 停止监控
2026-05-15T15:02:34.227+0800	INFO	runtime/proc.go:290	数据源	{"source": "mock"}
2026-05-15T15:02:34.227+0800	INFO	runtime/proc.go:290	==========================================
2026-05-15T15:02:34.227+0800	INFO	go-catch/main.go:205	Starting job monitor...
2026-05-15T15:02:34.227+0800	INFO	go-catch/main.go:205	Monitoring cities	{"count": 4}
2026-05-15T15:02:34.227+0800	INFO	go-catch/main.go:205	City configured	{"name": "北京", "code": "010000"}
2026-05-15T15:02:34.227+0800	INFO	go-catch/main.go:205	City configured	{"name": "上海", "code": "020000"}
2026-05-15T15:02:34.227+0800	INFO	go-catch/main.go:205	City configured	{"name": "广州", "code": "030000"}
2026-05-15T15:02:34.227+0800	INFO	go-catch/main.go:205	City configured	{"name": "深圳", "code": "040000"}
2026-05-15T15:02:34.227+0800	INFO	core/monitor.go:88	Checking for new jobs	{"time": "2026-05-15 15:02:34"}
2026-05-15T15:02:34.728+0800	INFO	runtime/asm_amd64.s:1771	Fetched jobs	{"city": "广州", "page": 1, "count": 5}
2026-05-15T15:02:34.730+0800	INFO	runtime/asm_amd64.s:1771	Fetched jobs	{"city": "北京", "page": 1, "count": 5}
2026-05-15T15:02:34.730+0800	INFO	runtime/asm_amd64.s:1771	Fetched jobs	{"city": "上海", "page": 1, "count": 5}
2026-05-15T15:02:34.730+0800	INFO	runtime/asm_amd64.s:1771	Fetched jobs	{"city": "深圳", "page": 1, "count": 5}
2026-05-15T15:02:35.232+0800	INFO	runtime/asm_amd64.s:1771	Total jobs fetched for city	{"city": "广州", "total": 5}
2026-05-15T15:02:35.232+0800	INFO	core/monitor.go:128	==================================================
2026-05-15T15:02:35.232+0800	INFO	core/monitor.go:128	New job found	{"title": "Go后端开发工程师", "city": "广州"}
2026-05-15T15:02:35.232+0800	INFO	core/monitor.go:128	Salary	{"range": "25-40K·16薪"}
2026-05-15T15:02:35.234+0800	INFO	core/monitor.go:128	Company	{"name": "字节跳动"}
2026-05-15T15:02:35.234+0800	INFO	core/monitor.go:128	Job URL	{"url": "https://example.com/job/001"}
2026-05-15T15:02:35.235+0800	INFO	core/monitor.go:128	==================================================
2026-05-15T15:02:35.236+0800	INFO	core/monitor.go:128	==================================================
2026-05-15T15:02:35.236+0800	INFO	core/monitor.go:128	New job found	{"title": "Golang架构师", "city": "广州"}
2026-05-15T15:02:35.237+0800	INFO	core/monitor.go:128	Salary	{"range": "35-50K·15薪"}
2026-05-15T15:02:35.241+0800	INFO	core/monitor.go:128	Company	{"name": "腾讯"}
2026-05-15T15:02:35.234+0800	INFO	runtime/asm_amd64.s:1771	Total jobs fetched for city	{"city": "上海", "total": 5}
2026-05-15T15:02:35.233+0800	INFO	runtime/asm_amd64.s:1771	Total jobs fetched for city	{"city": "北京", "total": 5}
2026-05-15T15:02:35.234+0800	INFO	runtime/asm_amd64.s:1771	Total jobs fetched for city	{"city": "深圳", "total": 5}
2026-05-15T15:02:35.242+0800	INFO	core/monitor.go:128	Job URL	{"url": "https://example.com/job/002"}
2026-05-15T15:02:35.244+0800	INFO	core/monitor.go:128	==================================================
2026-05-15T15:02:35.245+0800	INFO	core/monitor.go:128	==================================================
2026-05-15T15:02:35.245+0800	INFO	core/monitor.go:128	New job found	{"title": "资深Go开发工程师", "city": "广州"}
2026-05-15T15:02:35.246+0800	INFO	core/monitor.go:128	Salary	{"range": "30-45K·16薪"}
2026-05-15T15:02:35.246+0800	INFO	core/monitor.go:128	Company	{"name": "阿里巴巴"}
2026-05-15T15:02:35.246+0800	INFO	core/monitor.go:128	Job URL	{"url": "https://example.com/job/003"}
2026-05-15T15:02:35.247+0800	INFO	core/monitor.go:128	==================================================
2026-05-15T15:02:35.247+0800	INFO	core/monitor.go:128	==================================================
2026-05-15T15:02:35.247+0800	INFO	core/monitor.go:128	New job found	{"title": "Go云原生开发", "city": "广州"}
2026-05-15T15:02:35.247+0800	INFO	core/monitor.go:128	Salary	{"range": "28-42K·14薪"}
2026-05-15T15:02:35.247+0800	INFO	core/monitor.go:128	Company	{"name": "华为"}
2026-05-15T15:02:35.247+0800	INFO	core/monitor.go:128	Job URL	{"url": "https://example.com/job/004"}
2026-05-15T15:02:35.247+0800	INFO	core/monitor.go:128	==================================================
2026-05-15T15:02:35.247+0800	INFO	core/monitor.go:128	==================================================
2026-05-15T15:02:35.247+0800	INFO	core/monitor.go:128	New job found	{"title": "后端开发工程师(Go)", "city": "广州"}
2026-05-15T15:02:35.247+0800	INFO	core/monitor.go:128	Salary	{"range": "26-38K·15薪"}
2026-05-15T15:02:35.247+0800	INFO	core/monitor.go:128	Company	{"name": "美团"}
2026-05-15T15:02:35.247+0800	INFO	core/monitor.go:128	Job URL	{"url": "https://example.com/job/005"}
2026-05-15T15:02:35.247+0800	INFO	core/monitor.go:128	==================================================
2026-05-15T15:02:35.248+0800	INFO	core/monitor.go:128	==================================================
2026-05-15T15:02:35.248+0800	INFO	core/monitor.go:128	New job found	{"title": "Go后端开发工程师", "city": "上海"}
2026-05-15T15:02:35.248+0800	INFO	core/monitor.go:128	Salary	{"range": "25-40K·16薪"}
2026-05-15T15:02:35.248+0800	INFO	core/monitor.go:128	Company	{"name": "字节跳动"}
2026-05-15T15:02:35.248+0800	INFO	core/monitor.go:128	Job URL	{"url": "https://example.com/job/001"}
2026-05-15T15:02:35.248+0800	INFO	core/monitor.go:128	==================================================
2026-05-15T15:02:35.248+0800	INFO	core/monitor.go:128	==================================================
2026-05-15T15:02:35.248+0800	INFO	core/monitor.go:128	New job found	{"title": "Golang架构师", "city": "上海"}
2026-05-15T15:02:35.248+0800	INFO	core/monitor.go:128	Salary	{"range": "35-50K·15薪"}
2026-05-15T15:02:35.248+0800	INFO	core/monitor.go:128	Company	{"name": "腾讯"}
2026-05-15T15:02:35.248+0800	INFO	core/monitor.go:128	Job URL	{"url": "https://example.com/job/002"}
2026-05-15T15:02:35.248+0800	INFO	core/monitor.go:128	==================================================
2026-05-15T15:02:35.249+0800	INFO	core/monitor.go:128	==================================================
2026-05-15T15:02:35.249+0800	INFO	core/monitor.go:128	New job found	{"title": "资深Go开发工程师", "city": "上海"}
2026-05-15T15:02:35.249+0800	INFO	core/monitor.go:128	Salary	{"range": "30-45K·16薪"}
2026-05-15T15:02:35.250+0800	INFO	core/monitor.go:128	Company	{"name": "阿里巴巴"}
2026-05-15T15:02:35.250+0800	INFO	core/monitor.go:128	Job URL	{"url": "https://example.com/job/003"}
2026-05-15T15:02:35.250+0800	INFO	core/monitor.go:128	==================================================
2026-05-15T15:02:35.251+0800	INFO	core/monitor.go:128	==================================================
2026-05-15T15:02:35.254+0800	INFO	core/monitor.go:128	New job found	{"title": "Go云原生开发", "city": "上海"}
2026-05-15T15:02:35.254+0800	INFO	core/monitor.go:128	Salary	{"range": "28-42K·14薪"}
2026-05-15T15:02:35.254+0800	INFO	core/monitor.go:128	Company	{"name": "华为"}
2026-05-15T15:02:35.254+0800	INFO	core/monitor.go:128	Job URL	{"url": "https://example.com/job/004"}
2026-05-15T15:02:35.254+0800	INFO	core/monitor.go:128	==================================================
2026-05-15T15:02:35.254+0800	INFO	core/monitor.go:128	==================================================
2026-05-15T15:02:35.254+0800	INFO	core/monitor.go:128	New job found	{"title": "后端开发工程师(Go)", "city": "上海"}
2026-05-15T15:02:35.255+0800	INFO	core/monitor.go:128	Salary	{"range": "26-38K·15薪"}
2026-05-15T15:02:35.255+0800	INFO	core/monitor.go:128	Company	{"name": "美团"}
2026-05-15T15:02:35.256+0800	INFO	core/monitor.go:128	Job URL	{"url": "https://example.com/job/005"}
2026-05-15T15:02:35.256+0800	INFO	core/monitor.go:128	==================================================
2026-05-15T15:02:35.256+0800	INFO	core/monitor.go:128	==================================================
2026-05-15T15:02:35.257+0800	INFO	core/monitor.go:128	New job found	{"title": "Go后端开发工程师", "city": "北京"}
2026-05-15T15:02:35.257+0800	INFO	core/monitor.go:128	Salary	{"range": "25-40K·16薪"}
2026-05-15T15:02:35.258+0800	INFO	core/monitor.go:128	Company	{"name": "字节跳动"}
2026-05-15T15:02:35.258+0800	INFO	core/monitor.go:128	Job URL	{"url": "https://example.com/job/001"}
2026-05-15T15:02:35.258+0800	INFO	core/monitor.go:128	==================================================
2026-05-15T15:02:35.258+0800	INFO	core/monitor.go:128	==================================================
2026-05-15T15:02:35.258+0800	INFO	core/monitor.go:128	New job found	{"title": "Golang架构师", "city": "北京"}
2026-05-15T15:02:35.258+0800	INFO	core/monitor.go:128	Salary	{"range": "35-50K·15薪"}
2026-05-15T15:02:35.258+0800	INFO	core/monitor.go:128	Company	{"name": "腾讯"}
2026-05-15T15:02:35.259+0800	INFO	core/monitor.go:128	Job URL	{"url": "https://example.com/job/002"}
2026-05-15T15:02:35.259+0800	INFO	core/monitor.go:128	==================================================
2026-05-15T15:02:35.260+0800	INFO	core/monitor.go:128	==================================================
2026-05-15T15:02:35.260+0800	INFO	core/monitor.go:128	New job found	{"title": "资深Go开发工程师", "city": "北京"}
2026-05-15T15:02:35.260+0800	INFO	core/monitor.go:128	Salary	{"range": "30-45K·16薪"}
2026-05-15T15:02:35.261+0800	INFO	core/monitor.go:128	Company	{"name": "阿里巴巴"}
2026-05-15T15:02:35.261+0800	INFO	core/monitor.go:128	Job URL	{"url": "https://example.com/job/003"}
2026-05-15T15:02:35.264+0800	INFO	core/monitor.go:128	==================================================
2026-05-15T15:02:35.264+0800	INFO	core/monitor.go:128	==================================================
2026-05-15T15:02:35.264+0800	INFO	core/monitor.go:128	New job found	{"title": "Go云原生开发", "city": "北京"}
2026-05-15T15:02:35.264+0800	INFO	core/monitor.go:128	Salary	{"range": "28-42K·14薪"}
2026-05-15T15:02:35.264+0800	INFO	core/monitor.go:128	Company	{"name": "华为"}
2026-05-15T15:02:35.264+0800	INFO	core/monitor.go:128	Job URL	{"url": "https://example.com/job/004"}
2026-05-15T15:02:35.264+0800	INFO	core/monitor.go:128	==================================================
2026-05-15T15:02:35.264+0800	INFO	core/monitor.go:128	==================================================
2026-05-15T15:02:35.264+0800	INFO	core/monitor.go:128	New job found	{"title": "后端开发工程师(Go)", "city": "北京"}
2026-05-15T15:02:35.265+0800	INFO	core/monitor.go:128	Salary	{"range": "26-38K·15薪"}
2026-05-15T15:02:35.265+0800	INFO	core/monitor.go:128	Company	{"name": "美团"}
2026-05-15T15:02:35.265+0800	INFO	core/monitor.go:128	Job URL	{"url": "https://example.com/job/005"}
2026-05-15T15:02:35.266+0800	INFO	core/monitor.go:128	==================================================
2026-05-15T15:02:35.266+0800	INFO	core/monitor.go:128	==================================================
2026-05-15T15:02:35.267+0800	INFO	core/monitor.go:128	New job found	{"title": "Go后端开发工程师", "city": "深圳"}
2026-05-15T15:02:35.267+0800	INFO	core/monitor.go:128	Salary	{"range": "25-40K·16薪"}
2026-05-15T15:02:35.267+0800	INFO	core/monitor.go:128	Company	{"name": "字节跳动"}
2026-05-15T15:02:35.267+0800	INFO	core/monitor.go:128	Job URL	{"url": "https://example.com/job/001"}
2026-05-15T15:02:35.268+0800	INFO	core/monitor.go:128	==================================================
2026-05-15T15:02:35.268+0800	INFO	core/monitor.go:128	==================================================
2026-05-15T15:02:35.268+0800	INFO	core/monitor.go:128	New job found	{"title": "Golang架构师", "city": "深圳"}
2026-05-15T15:02:35.268+0800	INFO	core/monitor.go:128	Salary	{"range": "35-50K·15薪"}
2026-05-15T15:02:35.268+0800	INFO	core/monitor.go:128	Company	{"name": "腾讯"}
2026-05-15T15:02:35.268+0800	INFO	core/monitor.go:128	Job URL	{"url": "https://example.com/job/002"}
2026-05-15T15:02:35.268+0800	INFO	core/monitor.go:128	==================================================
2026-05-15T15:02:35.268+0800	INFO	core/monitor.go:128	==================================================
2026-05-15T15:02:35.268+0800	INFO	core/monitor.go:128	New job found	{"title": "资深Go开发工程师", "city": "深圳"}
2026-05-15T15:02:35.268+0800	INFO	core/monitor.go:128	Salary	{"range": "30-45K·16薪"}
2026-05-15T15:02:35.268+0800	INFO	core/monitor.go:128	Company	{"name": "阿里巴巴"}
2026-05-15T15:02:35.268+0800	INFO	core/monitor.go:128	Job URL	{"url": "https://example.com/job/003"}
2026-05-15T15:02:35.268+0800	INFO	core/monitor.go:128	==================================================
2026-05-15T15:02:35.268+0800	INFO	core/monitor.go:128	==================================================
2026-05-15T15:02:35.268+0800	INFO	core/monitor.go:128	New job found	{"title": "Go云原生开发", "city": "深圳"}
2026-05-15T15:02:35.269+0800	INFO	core/monitor.go:128	Salary	{"range": "28-42K·14薪"}
2026-05-15T15:02:35.269+0800	INFO	core/monitor.go:128	Company	{"name": "华为"}
2026-05-15T15:02:35.269+0800	INFO	core/monitor.go:128	Job URL	{"url": "https://example.com/job/004"}
2026-05-15T15:02:35.269+0800	INFO	core/monitor.go:128	==================================================
2026-05-15T15:02:35.269+0800	INFO	core/monitor.go:128	==================================================
2026-05-15T15:02:35.269+0800	INFO	core/monitor.go:128	New job found	{"title": "后端开发工程师(Go)", "city": "深圳"}
2026-05-15T15:02:35.269+0800	INFO	core/monitor.go:128	Salary	{"range": "26-38K·15薪"}
2026-05-15T15:02:35.269+0800	INFO	core/monitor.go:128	Company	{"name": "美团"}
2026-05-15T15:02:35.269+0800	INFO	core/monitor.go:128	Job URL	{"url": "https://example.com/job/005"}
2026-05-15T15:02:35.269+0800	INFO	core/monitor.go:128	==================================================
2026-05-15T15:02:35.269+0800	INFO	core/monitor.go:88	Fetch cycle completed	{"total_jobs": 20, "new_jobs": 20}
2026-05-15T15:02:51.373+0800	INFO	runtime/asm_amd64.s:1771	收到中断信号，正在优雅关闭...
2026-05-15T15:02:51.374+0800	INFO	go-catch/main.go:205	收到取消信号，监控器正在关闭...
2026-05-15T15:02:51.374+0800	INFO	go-catch/main.go:205	监控器已关闭
2026-05-15T15:02:51.374+0800	INFO	runtime/proc.go:290	程序已退出
